<?xml version="1.0" encoding="UTF-8"?>
<!-- Generated by org.testng.reporters.JUnitReportReporter -->
<testsuite skipped="0" hostname="LAPTOP-P24V9RNH" name="testcases.LoginTest" tests="1" failures="0" timestamp="21 Jan 2020 17:25:39 GMT" time="36.400" errors="0">
  <testcase name="creatNewProject" time="36.400" classname="testcases.LoginTest"/>
</testsuite> <!-- testcases.LoginTest -->
